\BOOKMARK [0][-]{title.0}{封面}{}% 1
\BOOKMARK [0][-]{chapter*.1}{摘要}{}% 2
\BOOKMARK [0][-]{chapter*.2}{ABSTRACT}{}% 3
\BOOKMARK [0][-]{toc.0}{目录}{}% 4
\BOOKMARK [0][-]{chapter.1}{绪论}{}% 5
\BOOKMARK [1][-]{section.1.1}{研究背景与意义}{chapter.1}% 6
\BOOKMARK [1][-]{section.1.2}{国内外研究现状和发展方向}{chapter.1}% 7
\BOOKMARK [1][-]{section.1.3}{论文主要工作}{chapter.1}% 8
\BOOKMARK [1][-]{section.1.4}{论文组织结构}{chapter.1}% 9
\BOOKMARK [0][-]{chapter.2}{背景技术分析}{}% 10
\BOOKMARK [1][-]{section.2.1}{Android系统架构}{chapter.2}% 11
\BOOKMARK [1][-]{section.2.2}{Android应用结构}{chapter.2}% 12
\BOOKMARK [2][-]{subsection.2.2.1}{应用安装包结构}{section.2.2}% 13
\BOOKMARK [2][-]{subsection.2.2.2}{应用组织结构}{section.2.2}% 14
\BOOKMARK [1][-]{section.2.3}{Android动态分析技术}{chapter.2}% 15
\BOOKMARK [2][-]{subsection.2.3.1}{Virtual\040Machine\040Introspection}{section.2.3}% 16
\BOOKMARK [2][-]{subsection.2.3.2}{ptrace系统调用}{section.2.3}% 17
\BOOKMARK [2][-]{subsection.2.3.3}{Application\040Instrumentation}{section.2.3}% 18
\BOOKMARK [2][-]{subsection.2.3.4}{DVM/ART\040Instrumentation}{section.2.3}% 19
\BOOKMARK [2][-]{subsection.2.3.5}{hook技术}{section.2.3}% 20
\BOOKMARK [1][-]{section.2.4}{Android加壳和混淆技术}{chapter.2}% 21
\BOOKMARK [1][-]{section.2.5}{Android运行时环境}{chapter.2}% 22
\BOOKMARK [2][-]{subsection.2.5.1}{简介}{section.2.5}% 23
\BOOKMARK [2][-]{subsection.2.5.2}{应用的启动}{section.2.5}% 24
\BOOKMARK [2][-]{subsection.2.5.3}{应用的加载}{section.2.5}% 25
\BOOKMARK [2][-]{subsection.2.5.4}{方法的执行}{section.2.5}% 26
\BOOKMARK [1][-]{section.2.6}{Frida}{chapter.2}% 27
\BOOKMARK [0][-]{chapter.3}{系统设计实现}{}% 28
\BOOKMARK [1][-]{section.3.1}{概览}{chapter.3}% 29
\BOOKMARK [1][-]{section.3.2}{启动监控}{chapter.3}% 30
\BOOKMARK [1][-]{section.3.3}{Java方法执行监控}{chapter.3}% 31
\BOOKMARK [1][-]{section.3.4}{native函数调用监控}{chapter.3}% 32
\BOOKMARK [1][-]{section.3.5}{log系统}{chapter.3}% 33
\BOOKMARK [0][-]{chapter.4}{实验与结果分析}{}% 34
\BOOKMARK [1][-]{section.4.1}{监控数据}{chapter.4}% 35
\BOOKMARK [1][-]{section.4.2}{性能}{chapter.4}% 36
\BOOKMARK [0][-]{chapter.5}{总结与展望}{}% 37
\BOOKMARK [0][-]{section*.10}{参考文献}{}% 38
\BOOKMARK [0][-]{chapter*.12}{致谢}{}% 39
